<?xml version="1.0" encoding="UTF-8"?>
<!-- Generated by org.testng.reporters.JUnitReportReporter -->
<testsuite hostname="LAPTOP-FKE7NNGM" failures="0" tests="2" name="DistributedParallel.Test3" time="0.005" errors="0" timestamp="2024-08-28T16:16:43 IST" skipped="0">
  <testcase classname="DistributedParallel.Test3" name="demo1" time="0.002"/>
  <testcase classname="DistributedParallel.Test3" name="demo2" time="0.003"/>
</testsuite> <!-- DistributedParallel.Test3 -->
