<?xml version="1.0" encoding="UTF-8"?>
<!-- Generated by org.testng.reporters.JUnitReportReporter -->
<testsuite hostname="LAPTOP-FKE7NNGM" failures="0" tests="2" name="Demo.DependsOnMethodTest" time="65.099" errors="0" timestamp="2024-08-24T16:04:41 IST" skipped="0">
  <testcase classname="Demo.DependsOnMethodTest" name="logInToApp" time="25.519"/>
  <testcase classname="Demo.DependsOnMethodTest" name="navigateToApp" time="39.580"/>
</testsuite> <!-- Demo.DependsOnMethodTest -->
