<?xml version="1.0" encoding="UTF-8"?>
<!-- Generated by org.testng.reporters.JUnitReportReporter -->
<testsuite hostname="LAPTOP-FKE7NNGM" failures="0" tests="3" name="Demo.TestNGCount" time="0.025" errors="0" timestamp="2024-08-24T16:18:01 IST" skipped="0">
  <testcase classname="Demo.TestNGCount" name="demo1" time="0.003">
    <system-out>
      <![CDATA[demo1]]>
    </system-out>
  </testcase> <!-- demo1 -->
  <testcase classname="Demo.TestNGCount" name="demo3" time="0.004">
    <system-out>
      <![CDATA[demo3]]>
    </system-out>
  </testcase> <!-- demo3 -->
  <testcase classname="Demo.TestNGCount" name="demo1" time="0.018">
    <system-out>
      <![CDATA[demo1]]>
    </system-out>
  </testcase> <!-- demo1 -->
  <system-out>
    <![CDATA[demo1
demo1
demo3]]>
  </system-out>
</testsuite> <!-- Demo.TestNGCount -->
