<?xml version="1.0" encoding="UTF-8"?>
<!-- Generated by org.testng.reporters.JUnitReportReporter -->
<testsuite hostname="LAPTOP-FKE7NNGM" failures="0" tests="2" name="DistributedParallel.Test2" time="0.012" errors="0" timestamp="2024-08-28T16:16:43 IST" skipped="0">
  <testcase classname="DistributedParallel.Test2" name="demo1" time="0.004"/>
  <testcase classname="DistributedParallel.Test2" name="demo2" time="0.008"/>
</testsuite> <!-- DistributedParallel.Test2 -->
