<?xml version="1.0" encoding="UTF-8"?>
<!-- Generated by org.testng.reporters.JUnitReportReporter -->
<testsuite hostname="LAPTOP-FKE7NNGM" failures="0" tests="6" name="Demo.PrioritiesTests" time="0.050" errors="0" timestamp="2024-08-23T16:39:52 IST" skipped="0">
  <testcase classname="Demo.PrioritiesTests" name="demo5" time="0.024">
    <system-out>
      <![CDATA[demo5]]>
    </system-out>
  </testcase> <!-- demo5 -->
  <testcase classname="Demo.PrioritiesTests" name="demo4" time="0.006">
    <system-out>
      <![CDATA[demo4]]>
    </system-out>
  </testcase> <!-- demo4 -->
  <testcase classname="Demo.PrioritiesTests" name="demo6" time="0.006">
    <system-out>
      <![CDATA[demo6]]>
    </system-out>
  </testcase> <!-- demo6 -->
  <testcase classname="Demo.PrioritiesTests" name="demo1" time="0.003">
    <system-out>
      <![CDATA[demo1]]>
    </system-out>
  </testcase> <!-- demo1 -->
  <testcase classname="Demo.PrioritiesTests" name="demo2" time="0.005">
    <system-out>
      <![CDATA[demo2]]>
    </system-out>
  </testcase> <!-- demo2 -->
  <testcase classname="Demo.PrioritiesTests" name="demo3" time="0.006">
    <system-out>
      <![CDATA[demo3]]>
    </system-out>
  </testcase> <!-- demo3 -->
  <system-out>
    <![CDATA[demo5
demo4
demo6
demo1
demo2
demo3]]>
  </system-out>
</testsuite> <!-- Demo.PrioritiesTests -->
