<?xml version="1.0" encoding="UTF-8"?>
<!-- Generated by org.testng.reporters.JUnitReportReporter -->
<testsuite hostname="LAPTOP-FKE7NNGM" failures="0" tests="2" name="Demo.EnableTest" time="0.024" errors="0" timestamp="2024-08-24T16:21:35 IST" skipped="1">
  <testcase classname="Demo.EnableTest" name="demo2" time="0.024">
    <system-out>
      <![CDATA[demo2]]>
    </system-out>
  </testcase> <!-- demo2 -->
  <testcase classname="Demo.EnableTest" name="demo3">
    <skipped/>
  </testcase> <!-- demo3 -->
  <system-out>
    <![CDATA[demo2]]>
  </system-out>
</testsuite> <!-- Demo.EnableTest -->
