<?xml version="1.0" encoding="UTF-8"?>
<!-- Generated by org.testng.reporters.JUnitReportReporter -->
<testsuite hostname="LAPTOP-FKE7NNGM" failures="0" tests="3" name="testing.DataProviderTest" time="0.026" errors="0" timestamp="2024-08-29T15:30:55 IST" skipped="0">
  <testcase classname="testing.DataProviderTest" name="bookTicketTest" time="0.003"/>
  <testcase classname="testing.DataProviderTest" name="bookTicketTest" time="0.008"/>
  <testcase classname="testing.DataProviderTest" name="bookTicketTest" time="0.015"/>
</testsuite> <!-- testing.DataProviderTest -->
