<?xml version="1.0" encoding="UTF-8"?>
<!-- Generated by org.testng.reporters.JUnitReportReporter -->
<testsuite hostname="LAPTOP-FKE7NNGM" failures="0" tests="1" name="Demo.SampleTest" time="0.055" errors="0" timestamp="2024-08-28T16:03:39 IST" skipped="0">
  <testcase classname="Demo.SampleTest" name="test0" time="0.055">
    <system-out>
      <![CDATA[Hello World]]>
    </system-out>
  </testcase> <!-- test0 -->
  <system-out>
    <![CDATA[Hello World]]>
  </system-out>
</testsuite> <!-- Demo.SampleTest -->
