<?xml version="1.0" encoding="UTF-8"?>
<!-- Generated by org.testng.reporters.JUnitReportReporter -->
<testsuite hostname="LAPTOP-FKE7NNGM" failures="0" tests="2" name="Demo.Test1" time="0.020" errors="0" timestamp="2024-08-27T15:17:26 IST" skipped="0">
  <testcase classname="Demo.Test1" name="demo2" time="0.002"/>
  <testcase classname="Demo.Test1" name="demo1" time="0.018"/>
</testsuite> <!-- Demo.Test1 -->
