<?xml version="1.0" encoding="UTF-8"?>
<!-- Generated by org.testng.reporters.JUnitReportReporter -->
<testsuite hostname="LAPTOP-FKE7NNGM" failures="0" tests="2" name="DistributedParallel.Test1" time="0.024" errors="0" timestamp="2024-08-28T16:18:42 IST" skipped="0">
  <testcase classname="DistributedParallel.Test1" name="demo2" time="0.003"/>
  <testcase classname="DistributedParallel.Test1" name="demo1" time="0.021"/>
</testsuite> <!-- DistributedParallel.Test1 -->
